

                             _   _
                            (_) | |
      __ _   _ __   __   __  _  | |
     / _` | | '_ \  \ \ / / | | | |
    | (_| | | | | |  \ V /  | | | |
     \__,_| |_| |_|   \_/   |_| |_|

    1.2.3-stable (a813a2cee7 2025-06-08T15:42:50.507050000Z)
    https://github.com/foundry-rs/foundry

Available Accounts
==================

(0) 0xf39Fd6e51aad88F6F4ce6aB8827279cffFb92266 (10000.000000000000000000 ETH)
(1) 0x70997970C51812dc3A010C7d01b50e0d17dc79C8 (10000.000000000000000000 ETH)
(2) 0x3C44CdDdB6a900fa2b585dd299e03d12FA4293BC (10000.000000000000000000 ETH)
(3) 0x90F79bf6EB2c4f870365E785982E1f101E93b906 (10000.000000000000000000 ETH)
(4) 0x15d34AAf54267DB7D7c367839AAf71A00a2C6A65 (10000.000000000000000000 ETH)
(5) 0x9965507D1a55bcC2695C58ba16FB37d819B0A4dc (10000.000000000000000000 ETH)
(6) 0x976EA74026E726554dB657fA54763abd0C3a0aa9 (10000.000000000000000000 ETH)
(7) 0x14dC79964da2C08b23698B3D3cc7Ca32193d9955 (10000.000000000000000000 ETH)
(8) 0x23618e81E3f5cdF7f54C3d65f7FBc0aBf5B21E8f (10000.000000000000000000 ETH)
(9) 0xa0Ee7A142d267C1f36714E4a8F75612F20a79720 (10000.000000000000000000 ETH)

Private Keys
==================

(0) 0xac0974bec39a17e36ba4a6b4d238ff944bacb478cbed5efcae784d7bf4f2ff80
(1) 0x59c6995e998f97a5a0044966f0945389dc9e86dae88c7a8412f4603b6b78690d
(2) 0x5de4111afa1a4b94908f83103eb1f1706367c2e68ca870fc3fb9a804cdab365a
(3) 0x7c852118294e51e653712a81e05800f419141751be58f605c371e15141b007a6
(4) 0x47e179ec197488593b187f80a00eb0da91f1b9d0b13f8733639f19c30a34926a
(5) 0x8b3a350cf5c34c9194ca85829a2df0ec3153be0318b5e2d3348e872092edffba
(6) 0x92db14e403b83dfe3df233f83dfa3a0d7096f21ca9b0d6d6b8d88b2b4ec1564e
(7) 0x4bbbf85ce3377467afe5d46f804f221813b2bb87f24d81f60f1fcdbf7cbf4356
(8) 0xdbda1821b80551c9d65939329250298aa3472ba22feea921c0cf5d620ea67b97
(9) 0x2a871d0798f97d79848a013d4936a73bf4cc922c825d33c1cf7073dff6d409c6

Wallet
==================
Mnemonic:          test test test test test test test test test test test junk
Derivation path:   m/44'/60'/0'/0/


Chain ID
==================

31337

Base Fee
==================

1000000000

Gas Limit
==================

30000000

Genesis Timestamp
==================

1754276474

Genesis Number
==================

0

Listening on 0.0.0.0:8545
eth_getTransactionCount
eth_getCode
eth_blockNumber
eth_gasPrice
eth_chainId
eth_getBlockByNumber
eth_blockNumber
eth_gasPrice
eth_chainId
eth_getBlockByNumber
eth_getBalance
eth_getCode
eth_getTransactionCount
eth_getBalance
eth_getTransactionCount
eth_getCode
eth_getTransactionCount
eth_getCode
eth_getBalance
eth_getBalance
eth_getCode
eth_getTransactionCount
eth_getCode
eth_getBalance
eth_getTransactionCount
eth_getBalance
eth_getCode
eth_getTransactionCount
eth_getBalance
eth_getCode
eth_getTransactionCount
eth_getBalance
eth_getCode
eth_getTransactionCount
eth_chainId
eth_chainId
eth_blockNumber
eth_gasPrice
eth_chainId
eth_getBlockByNumber
eth_chainId
eth_feeHistory
eth_feeHistory
eth_sendRawTransaction
eth_sendRawTransaction
eth_getTransactionReceipt
eth_getTransactionReceipt
eth_blockNumber
eth_getBlockByNumber
eth_getTransactionReceipt
eth_getTransactionReceipt

    Transaction: 0x7c7e3568c0efc0a0d0da79148d6ed33be678c57a1d4f53931a5ef86f0121789a
    Contract created: 0x5FbDB2315678afecb367f032d93F642f64180aa3
    Gas used: 993327

    Block Number: 1
    Block Hash: 0x314eebce920243f849d6e1a4ba15342737c7497ea0f6787f511248e348d5fd07
    Block Time: "Mon, 4 Aug 2025 03:01:24 +0000"


    Transaction: 0xea9bad5454a15324d991b8d1ea7f6bf796baee49f3d95e7cc439d2f6acf2abe7
    Contract created: 0xe7f1725E7734CE288F8367e1Bb143E90bb3F0512
    Gas used: 1010574

    Block Number: 2
    Block Hash: 0xceb9461ba728262fb5d361c273dc3df82b91f5a528e50c4279cce5d338f5af8f
    Block Time: "Mon, 4 Aug 2025 03:01:24 +0000"

eth_blockNumber
eth_getTransactionReceipt
eth_getTransactionReceipt
eth_getBlockByNumber
eth_getBlockByNumber
eth_chainId
eth_getTransactionCount
eth_call
eth_chainId
eth_getTransactionCount
eth_feeHistory
eth_estimateGas
eth_sendRawTransaction

    Transaction: 0xd1d513e8a915be33f633c07d0cce9d9f7ea1cee7f2470d5f45b68314b8d3caea
    Gas used: 207990

    Block Number: 3
    Block Hash: 0x128e119b9b4f0add7df38b10ec75aeda50eae609d3ed2d7544a19ca7547bec6d
    Block Time: "Mon, 4 Aug 2025 03:20:06 +0000"

eth_blockNumber
eth_getBlockByNumber
eth_getTransactionReceipt
eth_chainId
eth_getTransactionCount
eth_call
eth_chainId
eth_getTransactionCount
eth_feeHistory
eth_estimateGas
eth_sendRawTransaction

    Transaction: 0xf8bb1c66ad6050d234c90ae5f1905ef058bafeca7733f7f73e3d8327a6b2989b
    Gas used: 190854

    Block Number: 4
    Block Hash: 0x1e40329d8bf599d3b7f23ae92045337ec9ae0f104848eb911129edcdc92e2557
    Block Time: "Mon, 4 Aug 2025 03:20:50 +0000"

eth_blockNumber
eth_getBlockByNumber
eth_getTransactionReceipt
eth_chainId
eth_getTransactionCount
eth_feeHistory
eth_estimateGas
eth_sendRawTransaction

    Transaction: 0x63e4649a53729a691ed5a82dc40009f8d0b47cbd43ca94f53835ee03bbb3f90d
    Gas used: 271615

    Block Number: 5
    Block Hash: 0x36531ab549278ad00b1416ab3c3d108927dd84ba1239b5bed88dacfc41fc7632
    Block Time: "Mon, 4 Aug 2025 03:21:07 +0000"

eth_blockNumber
eth_getTransactionReceipt
eth_getBlockByNumber
web3_clientVersion
eth_accounts
eth_accounts
eth_chainId
eth_blockNumber
eth_chainId
eth_blockNumber
eth_getBalance
web3_clientVersion
eth_accounts
eth_accounts
eth_chainId
eth_blockNumber
eth_chainId
eth_blockNumber
eth_getBalance
eth_chainId
eth_blockNumber
eth_getBalance
eth_chainId
eth_blockNumber
eth_getBalance
eth_chainId
eth_blockNumber
eth_getBalance
eth_chainId
eth_blockNumber
eth_getBalance
eth_chainId
eth_blockNumber
eth_getBalance
eth_chainId
eth_blockNumber
eth_getBalance
web3_clientVersion
eth_accounts
eth_accounts
eth_chainId
eth_blockNumber
eth_chainId
eth_blockNumber
eth_getBalance
web3_clientVersion
eth_accounts
eth_accounts
eth_chainId
eth_blockNumber
eth_chainId
eth_blockNumber
eth_getBalance
web3_clientVersion
eth_accounts
eth_accounts
eth_chainId
eth_blockNumber
eth_chainId
eth_blockNumber
eth_getBalance
eth_chainId
eth_blockNumber
eth_getBalance
eth_chainId
eth_blockNumber
eth_getBalance
eth_chainId
eth_blockNumber
eth_getBalance
eth_chainId
eth_blockNumber
eth_getBalance
eth_chainId
eth_blockNumber
eth_getBalance
eth_chainId
eth_blockNumber
eth_getBalance
eth_chainId
eth_blockNumber
eth_getBalance
web3_clientVersion
eth_accounts
eth_accounts
eth_chainId
eth_blockNumber
eth_chainId
eth_blockNumber
eth_getBalance
eth_chainId
eth_blockNumber
eth_getBalance
eth_chainId
eth_blockNumber
eth_getBalance
eth_chainId
eth_blockNumber
eth_getBalance
eth_chainId
eth_blockNumber
eth_getBalance
eth_chainId
eth_blockNumber
eth_getBalance
eth_chainId
eth_blockNumber
eth_getBalance
eth_chainId
eth_blockNumber
eth_getBalance
eth_chainId
eth_blockNumber
eth_getBalance
eth_chainId
eth_blockNumber
eth_getBalance
eth_chainId
eth_blockNumber
eth_getBalance
eth_chainId
eth_blockNumber
eth_getBalance
eth_chainId
eth_blockNumber
eth_getBalance
eth_chainId
eth_blockNumber
eth_getBalance
eth_chainId
eth_blockNumber
eth_getBalance
web3_clientVersion
eth_accounts
eth_accounts
eth_chainId
eth_blockNumber
eth_chainId
eth_blockNumber
eth_getBalance
eth_chainId
eth_blockNumber
eth_getBalance
eth_chainId
eth_blockNumber
eth_getBalance
eth_chainId
eth_blockNumber
eth_getBalance
eth_chainId
eth_blockNumber
eth_getBalance
eth_chainId
eth_blockNumber
eth_getBalance
